2023-06-18 20:04:14,661 INFO  [org.jboss.modules] (main) JBoss Modules version 2.1.0.Final
2023-06-18 20:04:15,589 INFO  [org.jboss.msc] (main) JBoss MSC version 1.5.0.Final
2023-06-18 20:04:15,611 INFO  [org.jboss.threads] (main) JBoss Threads version 2.4.0.Final
2023-06-18 20:04:15,784 INFO  [org.jboss.as] (MSC service thread 1-3) WFLYSRV0049: WildFly Full 28.0.1.Final (WildFly Core 20.0.2.Final) starting
2023-06-18 20:04:15,786 DEBUG [org.jboss.as.config] (MSC service thread 1-3) Configured system properties:
	file.encoding = UTF-8
	file.separator = \
	java.awt.headless = true
	java.class.path = C:\Users\nikol\git\android\Market\market-administrator-wf\jboss-modules.jar
	java.class.version = 63.0
	java.home = C:\Users\nikol\.p2\pool\plugins\org.eclipse.justj.openjdk.hotspot.jre.full.win32.x86_64_19.0.2.v20230129-1123\jre
	java.io.tmpdir = C:\Users\nikol\AppData\Local\Temp\
	java.library.path = C:\Users\nikol\.p2\pool\plugins\org.eclipse.justj.openjdk.hotspot.jre.full.win32.x86_64_19.0.2.v20230129-1123\jre\bin;C:\WINDOWS\Sun\Java\bin;C:\WINDOWS\system32;C:\WINDOWS;C:\Users\nikol\.p2\pool\plugins\org.eclipse.justj.openjdk.hotspot.jre.full.win32.x86_64_19.0.2.v20230129-1123\jre\bin;native;C:/Users/nikol/.p2/pool/plugins/org.eclipse.justj.openjdk.hotspot.jre.full.win32.x86_64_19.0.2.v20230129-1123/jre/bin/server;C:/Users/nikol/.p2/pool/plugins/org.eclipse.justj.openjdk.hotspot.jre.full.win32.x86_64_19.0.2.v20230129-1123/jre/bin;C:\Program Files (x86)\Common Files\Oracle\Java\javapath;C:\WINDOWS\system32;C:\WINDOWS;C:\WINDOWS\System32\Wbem;C:\WINDOWS\System32\WindowsPowerShell\v1.0\;C:\WINDOWS\System32\OpenSSH\;C:\Program Files\Git\cmd;C:\Program Files (x86)\apache-maven-3.8.6\bin;C:\Program Files\Java;C:\Users\nikol\AppData\Local\Android\Sdk\platform-tools;C:\Program Files\PowerShell\7\;C:\Program Files\PowerShell\7-preview\preview;C:\Program Files\MySQL\MySQL Shell 8.0\bin\;C:\Users\nikol\AppData\Local\Programs\Python\Python311\Scripts\;C:\Users\nikol\AppData\Local\Programs\Python\Python311\;C:\Users\nikol\AppData\Local\Microsoft\WindowsApps;;C:\Program Files\JetBrains\IntelliJ IDEA Community Edition 2022.2.1\bin;;C:\Program Files\heroku\bin;C:\Program Files\JetBrains\PyCharm 2022.3.3\bin;;C:\Program Files\JetBrains\PyCharm Community Edition 2022.3.3\bin;;C:\Program Files\JetBrains\GoLand 2023.1.2\bin;;C:\WINDOWS\system32;;.
	java.net.preferIPv4Stack = true
	java.runtime.name = OpenJDK Runtime Environment
	java.runtime.version = 19.0.2+7
	java.specification.name = Java Platform API Specification
	java.specification.vendor = Oracle Corporation
	java.specification.version = 19
	java.util.logging.manager = org.jboss.logmanager.LogManager
	java.vendor = Eclipse Adoptium
	java.vendor.url = https://adoptium.net/
	java.vendor.url.bug = https://github.com/adoptium/adoptium-support/issues
	java.vendor.version = Temurin-19.0.2+7
	java.version = 19.0.2
	java.version.date = 2023-01-17
	java.vm.compressedOopsMode = 32-bit
	java.vm.info = mixed mode
	java.vm.name = OpenJDK 64-Bit Server VM
	java.vm.specification.name = Java Virtual Machine Specification
	java.vm.specification.vendor = Oracle Corporation
	java.vm.specification.version = 19
	java.vm.vendor = Eclipse Adoptium
	java.vm.version = 19.0.2+7
	javax.management.builder.initial = org.jboss.as.jmx.PluggableMBeanServerBuilder
	jboss.bind.address = localhost
	jboss.bind.address.management = localhost
	jboss.home.dir = C:\Users\nikol\git\android\Market\market-administrator-wf
	jboss.host.name = nikolaspc
	jboss.modules.dir = C:\Users\nikol\git\android\Market\market-administrator-wf\modules
	jboss.modules.system.pkgs = org.jboss.byteman
	jboss.node.name = nikolaspc
	jboss.qualified.host.name = nikolaspc
	jboss.server.base.dir = C:\Users\nikol\git\android\Market\market-administrator-wf\standalone
	jboss.server.config.dir = C:\Users\nikol\git\android\Market\market-administrator-wf\standalone\configuration
	jboss.server.data.dir = C:\Users\nikol\git\android\Market\market-administrator-wf\standalone\data
	jboss.server.deploy.dir = C:\Users\nikol\git\android\Market\market-administrator-wf\standalone\data\content
	jboss.server.log.dir = C:\Users\nikol\git\android\Market\market-administrator-wf\standalone\log
	jboss.server.name = nikolaspc
	jboss.server.persist.config = true
	jboss.server.temp.dir = C:\Users\nikol\git\android\Market\market-administrator-wf\standalone\tmp
	jdk.debug = release
	line.separator = 

	logging.configuration = file:C:\Users\nikol\git\android\Market\market-administrator-wf\standalone\configuration\logging.properties
	module.path = C:\Users\nikol\git\android\Market\market-administrator-wf\modules
	native.encoding = Cp1252
	org.jboss.boot.log.file = C:\Users\nikol\git\android\Market\market-administrator-wf\standalone\log\boot.log
	org.jboss.logmanager.nocolor = true
	org.jboss.resolver.warning = true
	os.arch = amd64
	os.name = Windows 11
	os.version = 10.0
	path.separator = ;
	program.name = JBossTools: WildFly 27
	stderr.encoding = Cp1252
	stdout.encoding = Cp1252
	sun.arch.data.model = 64
	sun.boot.library.path = C:\Users\nikol\.p2\pool\plugins\org.eclipse.justj.openjdk.hotspot.jre.full.win32.x86_64_19.0.2.v20230129-1123\jre\bin
	sun.cpu.endian = little
	sun.cpu.isalist = amd64
	sun.io.unicode.encoding = UnicodeLittle
	sun.java.command = org.jboss.modules.Main -mp C:\Users\nikol\git\android\Market\market-administrator-wf\modules org.jboss.as.standalone -b localhost --server-config=standalone.xml -Djboss.server.base.dir=C:\Users\nikol\git\android\Market\market-administrator-wf\standalone
	sun.java.launcher = SUN_STANDARD
	sun.jnu.encoding = Cp1252
	sun.management.compiler = HotSpot 64-Bit Tiered Compilers
	sun.os.patch.level = 
	sun.rmi.dgc.client.gcInterval = 3600000
	sun.rmi.dgc.server.gcInterval = 3600000
	user.country = BR
	user.dir = C:\Users\nikol\git\android\Market\market-administrator-wf\bin
	user.home = C:\Users\nikol
	user.language = pt
	user.name = nikol
	user.script = 
	user.timezone = America/Sao_Paulo
	user.variant = 
2023-06-18 20:04:15,790 DEBUG [org.jboss.as.config] (MSC service thread 1-3) VM Arguments: -XX:+ShowCodeDetailsInExceptionMessages -agentlib:jdwp=transport=dt_socket,suspend=y,address=localhost:64379 -Dprogram.name=JBossTools: WildFly 27 -Xms1303m -Xmx1303m -XX:MetaspaceSize=96M -XX:MaxMetaspaceSize=256m -Dorg.jboss.resolver.warning=true -Djava.net.preferIPv4Stack=true -Dsun.rmi.dgc.client.gcInterval=3600000 -Dsun.rmi.dgc.server.gcInterval=3600000 -Djboss.modules.system.pkgs=org.jboss.byteman -Djava.awt.headless=true -Dorg.jboss.boot.log.file=C:\Users\nikol\git\android\Market\market-administrator-wf\standalone\log\boot.log -Dlogging.configuration=file:C:\Users\nikol\git\android\Market\market-administrator-wf\standalone\configuration\logging.properties -Djboss.home.dir=C:\Users\nikol\git\android\Market\market-administrator-wf -Dorg.jboss.logmanager.nocolor=true --add-exports=java.desktop/sun.awt=ALL-UNNAMED --add-exports=java.naming/com.sun.jndi.ldap=ALL-UNNAMED --add-opens=java.base/java.lang=ALL-UNNAMED --add-opens=java.base/java.lang.invoke=ALL-UNNAMED --add-opens=java.base/java.lang.reflect=ALL-UNNAMED --add-opens=java.base/java.io=ALL-UNNAMED --add-opens=java.base/java.security=ALL-UNNAMED --add-opens=java.base/java.util=ALL-UNNAMED --add-opens=java.base/java.util.concurrent=ALL-UNNAMED --add-opens=java.management/javax.management=ALL-UNNAMED --add-opens=java.naming/javax.naming=ALL-UNNAMED --add-exports=java.base/sun.nio.ch=ALL-UNNAMED --add-exports=jdk.unsupported/sun.misc=ALL-UNNAMED --add-exports=jdk.unsupported/sun.reflect=ALL-UNNAMED --add-modules=java.se -Djboss.bind.address.management=localhost -Dfile.encoding=UTF-8 
2023-06-18 20:04:17,001 INFO  [org.wildfly.security] (ServerService Thread Pool -- 28) ELY00001: WildFly Elytron version 2.1.0.Final
2023-06-18 20:04:18,239 INFO  [org.jboss.as.controller.management-deprecated] (ServerService Thread Pool -- 12) WFLYCTL0028: Attribute 'cluster' in the resource at address '/subsystem=ejb3/service=remote' is deprecated, and may be removed in a future version. See the attribute description in the output of the read-resource-description operation to learn more about the deprecation.
2023-06-18 20:04:18,287 INFO  [org.jboss.as.server.deployment.scanner] (DeploymentScanner-threads - 1) WFLYDS0004: Found administrator.war in deployment directory. To trigger deployment create a file called administrator.war.dodeploy
2023-06-18 20:04:18,358 INFO  [org.jboss.as.server] (Controller Boot Thread) WFLYSRV0039: Creating http management service using socket-binding (management-http)
2023-06-18 20:04:18,399 INFO  [org.xnio] (MSC service thread 1-7) XNIO version 3.8.9.Final
2023-06-18 20:04:18,420 INFO  [org.xnio.nio] (MSC service thread 1-7) XNIO NIO Implementation Version 3.8.9.Final
2023-06-18 20:04:18,519 INFO  [org.jboss.as.jaxrs] (ServerService Thread Pool -- 57) WFLYRS0016: RESTEasy version 6.2.4.Final
2023-06-18 20:04:18,531 INFO  [org.wildfly.extension.io] (ServerService Thread Pool -- 56) WFLYIO001: Worker 'default' has auto-configured to 16 IO threads with 128 max task threads based on your 8 available processors
2023-06-18 20:04:18,551 INFO  [org.wildfly.extension.elytron.oidc._private] (ServerService Thread Pool -- 53) WFLYOIDC0001: Activating WildFly Elytron OIDC Subsystem
2023-06-18 20:04:18,557 INFO  [org.jboss.as.clustering.infinispan] (ServerService Thread Pool -- 55) WFLYCLINF0001: Activating Infinispan subsystem.
2023-06-18 20:04:18,559 WARN  [org.jboss.as.txn] (ServerService Thread Pool -- 74) WFLYTX0013: The node-identifier attribute on the /subsystem=transactions is set to the default value. This is a danger for environments running multiple servers. Please make sure the attribute value is unique.
2023-06-18 20:04:18,565 INFO  [org.wildfly.extension.health] (ServerService Thread Pool -- 54) WFLYHEALTH0001: Activating Base Health Subsystem
2023-06-18 20:04:18,575 INFO  [org.wildfly.extension.microprofile.jwt.smallrye] (ServerService Thread Pool -- 66) WFLYJWT0001: Activating MicroProfile JWT Subsystem
2023-06-18 20:04:18,581 INFO  [org.wildfly.extension.microprofile.config.smallrye] (ServerService Thread Pool -- 65) WFLYCONF0001: Activating MicroProfile Config Subsystem
2023-06-18 20:04:18,584 INFO  [org.jboss.as.jsf] (ServerService Thread Pool -- 62) WFLYJSF0007: Activated the following Jakarta Server Faces Implementations: [main]
2023-06-18 20:04:18,638 INFO  [org.wildfly.extension.metrics] (ServerService Thread Pool -- 64) WFLYMETRICS0001: Activating Base Metrics Subsystem
2023-06-18 20:04:18,688 INFO  [org.jboss.as.naming] (ServerService Thread Pool -- 67) WFLYNAM0001: Activating Naming Subsystem
2023-06-18 20:04:18,691 INFO  [org.jboss.as.webservices] (ServerService Thread Pool -- 76) WFLYWS0002: Activating WebServices Extension
2023-06-18 20:04:18,753 INFO  [org.jboss.as.connector] (MSC service thread 1-7) WFLYJCA0009: Starting Jakarta Connectors Subsystem (WildFly/IronJacamar 3.0.2.Final)
2023-06-18 20:04:18,783 INFO  [org.jboss.as.server.deployment] (MSC service thread 1-4) WFLYSRV0027: Starting deployment of "administrator.war" (runtime-name: "administrator.war")
2023-06-18 20:04:18,879 INFO  [org.wildfly.extension.undertow] (MSC service thread 1-5) WFLYUT0003: Undertow 2.3.6.Final starting
2023-06-18 20:04:18,879 INFO  [org.jboss.as.connector.subsystems.datasources] (ServerService Thread Pool -- 44) WFLYJCA0004: Deploying JDBC-compliant driver class org.h2.Driver (version 2.1)
2023-06-18 20:04:18,900 INFO  [org.jboss.as.naming] (MSC service thread 1-5) WFLYNAM0003: Starting Naming Service
2023-06-18 20:04:18,943 INFO  [org.jboss.remoting] (MSC service thread 1-1) JBoss Remoting version 5.0.27.Final
2023-06-18 20:04:18,964 INFO  [org.jboss.as.connector.deployers.jdbc] (MSC service thread 1-2) WFLYJCA0018: Started Driver service with driver-name = h2
2023-06-18 20:04:18,966 INFO  [org.jboss.as.mail.extension] (MSC service thread 1-2) WFLYMAIL0001: Bound mail session [java:jboss/mail/Default]
2023-06-18 20:04:19,039 WARN  [org.wildfly.extension.elytron] (MSC service thread 1-8) WFLYELY00023: KeyStore file 'C:\Users\nikol\git\android\Market\market-administrator-wf\standalone\configuration\application.keystore' does not exist. Used blank.
2023-06-18 20:04:19,116 WARN  [org.wildfly.extension.elytron] (MSC service thread 1-4) WFLYELY01084: KeyStore C:\Users\nikol\git\android\Market\market-administrator-wf\standalone\configuration\application.keystore not found, it will be auto-generated on first use with a self-signed certificate for host localhost
2023-06-18 20:04:19,137 INFO  [org.wildfly.extension.undertow] (ServerService Thread Pool -- 75) WFLYUT0014: Creating file handler for path 'C:\Users\nikol\git\android\Market\market-administrator-wf/welcome-content' with options [directory-listing: 'false', follow-symlink: 'false', case-sensitive: 'true', safe-symlink-paths: '[]']
2023-06-18 20:04:19,240 INFO  [org.wildfly.extension.undertow] (MSC service thread 1-1) WFLYUT0012: Started server default-server.
2023-06-18 20:04:19,244 INFO  [org.wildfly.extension.undertow] (MSC service thread 1-1) Queuing requests.
2023-06-18 20:04:19,250 INFO  [org.jboss.as.ejb3] (MSC service thread 1-5) WFLYEJB0482: Strict pool mdb-strict-max-pool is using a max instance size of 32 (per class), which is derived from the number of CPUs on this host.
2023-06-18 20:04:19,250 INFO  [org.jboss.as.ejb3] (MSC service thread 1-7) WFLYEJB0481: Strict pool slsb-strict-max-pool is using a max instance size of 128 (per class), which is derived from thread worker pool sizing.
2023-06-18 20:04:19,250 INFO  [org.wildfly.extension.undertow] (MSC service thread 1-1) WFLYUT0018: Host default-host starting
2023-06-18 20:04:19,408 INFO  [org.wildfly.extension.undertow] (MSC service thread 1-6) WFLYUT0006: Undertow HTTP listener default listening on 127.0.0.1:8080
2023-06-18 20:04:19,665 INFO  [org.wildfly.extension.undertow] (MSC service thread 1-5) WFLYUT0006: Undertow HTTPS listener https listening on 127.0.0.1:8443
2023-06-18 20:04:19,775 INFO  [org.jboss.as.patching] (MSC service thread 1-1) WFLYPAT0050: WildFly Full cumulative patch ID is: base, one-off patches include: none
